0 verbose cli E:\WScoop\apps\nodejs-lts\current\node.exe E:\WScoop\apps\nodejs-lts\current\node_modules\npm\bin\npm-cli.js
1 info using npm@9.6.7
2 info using node@v18.17.1
3 timing npm:load:whichnode Completed in 4ms
4 timing config:load:defaults Completed in 4ms
5 timing config:load:file:E:\WScoop\apps\nodejs-lts\18.17.1\node_modules\npm\npmrc Completed in 6ms
6 timing config:load:builtin Completed in 6ms
7 timing config:load:cli Completed in 4ms
8 timing config:load:env Completed in 1ms
9 timing config:load:file:E:\intelliJ\teamlogin\src\main\reactfront\.npmrc Completed in 1ms
10 timing config:load:project Completed in 4ms
11 timing config:load:file:C:\Users\alstj\.npmrc Completed in 0ms
12 timing config:load:user Completed in 1ms
13 timing config:load:file:E:\intelliJ\teamlogin\src\main\reactfront\WScoop\persist\nodejs-lts\bin\etc\npmrc Completed in 1ms
14 timing config:load:global Completed in 1ms
15 timing config:load:setEnvs Completed in 3ms
16 timing config:load Completed in 30ms
17 timing npm:load:configload Completed in 30ms
18 timing npm:load:mkdirpcache Completed in 2ms
19 timing npm:load:mkdirplogs Completed in 2ms
20 verbose title npm run-script build
21 verbose argv "run-script" "build"
22 timing npm:load:setTitle Completed in 2ms
23 timing config:load:flatten Completed in 4ms
24 timing npm:load:display Completed in 7ms
25 verbose logfile logs-max:10 dir:E:\intelliJ\teamlogin\src\main\reactfront\WScoop\persist\nodejs-lts\cache\_logs\2023-09-23T02_42_40_293Z-
26 verbose logfile E:\intelliJ\teamlogin\src\main\reactfront\WScoop\persist\nodejs-lts\cache\_logs\2023-09-23T02_42_40_293Z-debug-0.log
27 timing npm:load:logFile Completed in 23ms
28 timing npm:load:timers Completed in 0ms
29 timing npm:load:configScope Completed in 0ms
30 timing npm:load Completed in 71ms
31 silly logfile done cleaning log files
32 timing command:run-script Completed in 95448ms
33 verbose exit 0
34 timing npm Completed in 95588ms
35 info ok
