0 verbose cli E:\WScoop\apps\nodejs-lts\current\node.exe E:\WScoop\apps\nodejs-lts\current\node_modules\npm\bin\npm-cli.js
1 info using npm@9.6.7
2 info using node@v18.17.1
3 timing npm:load:whichnode Completed in 5ms
4 timing config:load:defaults Completed in 8ms
5 timing config:load:file:E:\WScoop\apps\nodejs-lts\18.17.1\node_modules\npm\npmrc Completed in 12ms
6 timing config:load:builtin Completed in 14ms
7 timing config:load:cli Completed in 5ms
8 timing config:load:env Completed in 1ms
9 timing config:load:project Completed in 1ms
10 timing config:load:file:C:\Users\alstj\.npmrc Completed in 0ms
11 timing config:load:user Completed in 1ms
12 timing config:load:file:E:\intelliJ\teamlogin\src\main\reactfront\WScoop\persist\nodejs-lts\bin\etc\npmrc Completed in 1ms
13 timing config:load:global Completed in 1ms
14 timing config:load:setEnvs Completed in 2ms
15 timing config:load Completed in 42ms
16 timing npm:load:configload Completed in 43ms
17 timing npm:load:mkdirpcache Completed in 2ms
18 timing npm:load:mkdirplogs Completed in 1ms
19 verbose title npm prefix
20 verbose argv "prefix" "--global"
21 timing npm:load:setTitle Completed in 4ms
22 timing config:load:flatten Completed in 6ms
23 timing npm:load:display Completed in 7ms
24 verbose logfile logs-max:10 dir:E:\intelliJ\teamlogin\src\main\reactfront\WScoop\persist\nodejs-lts\cache\_logs\2023-09-23T02_42_38_616Z-
25 verbose logfile E:\intelliJ\teamlogin\src\main\reactfront\WScoop\persist\nodejs-lts\cache\_logs\2023-09-23T02_42_38_616Z-debug-0.log
26 timing npm:load:logFile Completed in 18ms
27 timing npm:load:timers Completed in 0ms
28 timing npm:load:configScope Completed in 0ms
29 timing npm:load Completed in 80ms
30 timing command:prefix Completed in 2ms
31 verbose exit 0
32 timing npm Completed in 107ms
33 info ok
